1516311587910	geckodriver	INFO	geckodriver 0.19.1
1516311587918	geckodriver	INFO	Listening on 127.0.0.1:60999
1516311589520	mozrunner::runner	INFO	Running command: "C:\\Program Files\\Mozilla Firefox\\firefox.exe" "-marionette" "-profile" "C:\\Users\\Owner\\AppData\\Local\\Temp\\rust_mozprofile.Ff1CKZwZTFm9"
1516311590870	addons.manager	DEBUG	Application has been upgraded
1516311590979	addons.manager	DEBUG	Loaded provider scope for resource://gre/modules/addons/XPIProvider.jsm: ["XPIProvider", "XPIInternal"]
1516311590996	addons.manager	DEBUG	Loaded provider scope for resource://gre/modules/LightweightThemeManager.jsm: ["LightweightThemeManager"]
1516311591030	addons.manager	DEBUG	Loaded provider scope for resource://gre/modules/addons/GMPProvider.jsm
1516311591031	addons.manager	DEBUG	Loaded provider scope for resource://gre/modules/addons/PluginProvider.jsm
1516311591031	addons.manager	DEBUG	Starting provider: XPIProvider
1516311591032	addons.xpi	DEBUG	startup
1516311591032	addons.xpi	INFO	SystemAddonInstallLocation directory is missing
1516311591032	addons.xpi	INFO	Removing all system add-on upgrades.
1516311591046	addons.xpi	DEBUG	checkForChanges
1516311591046	addons.xpi	DEBUG	Loaded add-on state: ${}
1516311591047	addons.xpi	INFO	Mapping activity-stream@mozilla.org to C:\Program Files\Mozilla Firefox\browser\features\activity-stream@mozilla.org.xpi
1516311591047	addons.xpi	INFO	Mapping aushelper@mozilla.org to C:\Program Files\Mozilla Firefox\browser\features\aushelper@mozilla.org.xpi
1516311591047	addons.xpi	INFO	Mapping e10srollout@mozilla.org to C:\Program Files\Mozilla Firefox\browser\features\e10srollout@mozilla.org.xpi
1516311591047	addons.xpi	INFO	Mapping firefox@getpocket.com to C:\Program Files\Mozilla Firefox\browser\features\firefox@getpocket.com.xpi
1516311591047	addons.xpi	INFO	Mapping followonsearch@mozilla.com to C:\Program Files\Mozilla Firefox\browser\features\followonsearch@mozilla.com.xpi
1516311591047	addons.xpi	INFO	Mapping formautofill@mozilla.org to C:\Program Files\Mozilla Firefox\browser\features\formautofill@mozilla.org.xpi
1516311591047	addons.xpi	INFO	Mapping onboarding@mozilla.org to C:\Program Files\Mozilla Firefox\browser\features\onboarding@mozilla.org.xpi
1516311591047	addons.xpi	INFO	Mapping screenshots@mozilla.org to C:\Program Files\Mozilla Firefox\browser\features\screenshots@mozilla.org.xpi
1516311591047	addons.xpi	INFO	Mapping shield-recipe-client@mozilla.org to C:\Program Files\Mozilla Firefox\browser\features\shield-recipe-client@mozilla.org.xpi
1516311591048	addons.xpi	INFO	Mapping webcompat@mozilla.org to C:\Program Files\Mozilla Firefox\browser\features\webcompat@mozilla.org.xpi
1516311591048	addons.xpi	DEBUG	New add-on activity-stream@mozilla.org in app-system-defaults
1516311591049	addons.xpi	INFO	Mapping activity-stream@mozilla.org to C:\Program Files\Mozilla Firefox\browser\features\activity-stream@mozilla.org.xpi
1516311591049	addons.xpi	DEBUG	New add-on aushelper@mozilla.org in app-system-defaults
1516311591049	addons.xpi	INFO	Mapping aushelper@mozilla.org to C:\Program Files\Mozilla Firefox\browser\features\aushelper@mozilla.org.xpi
1516311591050	addons.xpi	DEBUG	New add-on e10srollout@mozilla.org in app-system-defaults
1516311591050	addons.xpi	INFO	Mapping e10srollout@mozilla.org to C:\Program Files\Mozilla Firefox\browser\features\e10srollout@mozilla.org.xpi
1516311591050	addons.xpi	DEBUG	New add-on firefox@getpocket.com in app-system-defaults
1516311591050	addons.xpi	INFO	Mapping firefox@getpocket.com to C:\Program Files\Mozilla Firefox\browser\features\firefox@getpocket.com.xpi
1516311591051	addons.xpi	DEBUG	New add-on followonsearch@mozilla.com in app-system-defaults
1516311591051	addons.xpi	INFO	Mapping followonsearch@mozilla.com to C:\Program Files\Mozilla Firefox\browser\features\followonsearch@mozilla.com.xpi
1516311591051	addons.xpi	DEBUG	New add-on formautofill@mozilla.org in app-system-defaults
1516311591051	addons.xpi	INFO	Mapping formautofill@mozilla.org to C:\Program Files\Mozilla Firefox\browser\features\formautofill@mozilla.org.xpi
1516311591051	addons.xpi	DEBUG	New add-on onboarding@mozilla.org in app-system-defaults
1516311591052	addons.xpi	INFO	Mapping onboarding@mozilla.org to C:\Program Files\Mozilla Firefox\browser\features\onboarding@mozilla.org.xpi
1516311591052	addons.xpi	DEBUG	New add-on screenshots@mozilla.org in app-system-defaults
1516311591052	addons.xpi	INFO	Mapping screenshots@mozilla.org to C:\Program Files\Mozilla Firefox\browser\features\screenshots@mozilla.org.xpi
1516311591052	addons.xpi	DEBUG	New add-on shield-recipe-client@mozilla.org in app-system-defaults
1516311591052	addons.xpi	INFO	Mapping shield-recipe-client@mozilla.org to C:\Program Files\Mozilla Firefox\browser\features\shield-recipe-client@mozilla.org.xpi
1516311591052	addons.xpi	DEBUG	New add-on webcompat@mozilla.org in app-system-defaults
1516311591052	addons.xpi	INFO	Mapping webcompat@mozilla.org to C:\Program Files\Mozilla Firefox\browser\features\webcompat@mozilla.org.xpi
1516311591053	addons.xpi	INFO	Mapping {972ce4c6-7e08-4474-a285-3208198ce6fd} to C:\Program Files\Mozilla Firefox\browser\extensions\{972ce4c6-7e08-4474-a285-3208198ce6fd}.xpi
1516311591053	addons.xpi	DEBUG	New add-on {972ce4c6-7e08-4474-a285-3208198ce6fd} in app-global
1516311591053	addons.xpi	INFO	Mapping {972ce4c6-7e08-4474-a285-3208198ce6fd} to C:\Program Files\Mozilla Firefox\browser\extensions\{972ce4c6-7e08-4474-a285-3208198ce6fd}.xpi
1516311591054	addons.xpi	DEBUG	getInstallState changed: true, state: {}
1516311591054	addons.xpi	INFO	SystemAddonInstallLocation directory is missing
1516311591058	addons.xpi-utils	DEBUG	Opening XPI database C:\Users\Owner\AppData\Local\Temp\rust_mozprofile.Ff1CKZwZTFm9\extensions.json
1516311591059	addons.xpi-utils	DEBUG	New add-on activity-stream@mozilla.org installed in app-system-defaults
*** Blocklist::_loadBlocklistFromFile: blocklist is disabled
1516311591140	DeferredSave.extensions.json	DEBUG	Save changes
1516311591141	addons.xpi-utils	DEBUG	New add-on aushelper@mozilla.org installed in app-system-defaults
1516311591168	DeferredSave.extensions.json	DEBUG	Starting timer
1516311591170	DeferredSave.extensions.json	DEBUG	Save changes
1516311591171	addons.xpi-utils	DEBUG	New add-on e10srollout@mozilla.org installed in app-system-defaults
1516311591214	DeferredSave.extensions.json	DEBUG	Save changes
1516311591214	addons.xpi-utils	DEBUG	New add-on firefox@getpocket.com installed in app-system-defaults
1516311591217	DeferredSave.extensions.json	DEBUG	Save changes
1516311591217	addons.xpi-utils	DEBUG	New add-on followonsearch@mozilla.com installed in app-system-defaults
1516311591219	DeferredSave.extensions.json	DEBUG	Save changes
1516311591220	addons.xpi-utils	DEBUG	New add-on formautofill@mozilla.org installed in app-system-defaults
1516311591903	DeferredSave.extensions.json	DEBUG	Save changes
1516311591903	addons.xpi-utils	DEBUG	New add-on onboarding@mozilla.org installed in app-system-defaults
1516311591906	DeferredSave.extensions.json	DEBUG	Save changes
1516311591906	addons.xpi-utils	DEBUG	New add-on screenshots@mozilla.org installed in app-system-defaults
1516311592274	DeferredSave.extensions.json	DEBUG	Save changes
1516311592274	addons.xpi-utils	DEBUG	New add-on shield-recipe-client@mozilla.org installed in app-system-defaults
1516311592416	DeferredSave.extensions.json	DEBUG	Save changes
1516311592416	addons.xpi-utils	DEBUG	New add-on webcompat@mozilla.org installed in app-system-defaults
1516311592419	DeferredSave.extensions.json	DEBUG	Save changes
1516311592419	addons.xpi-utils	DEBUG	New add-on {972ce4c6-7e08-4474-a285-3208198ce6fd} installed in app-global
1516311592644	DeferredSave.extensions.json	DEBUG	Save changes
1516311592644	addons.manager	DEBUG	Registering startup change 'installed' for activity-stream@mozilla.org
1516311592649	addons.xpi	DEBUG	Loading bootstrap scope from C:\Program Files\Mozilla Firefox\browser\features\activity-stream@mozilla.org.xpi
1516311592651	addons.xpi	DEBUG	Calling bootstrap method install on activity-stream@mozilla.org version 2017.11.07.1100-7f4e3634
1516311592651	addons.xpi-utils	DEBUG	Make addon app-system-defaults:activity-stream@mozilla.org visible
1516311592652	addons.xpi	DEBUG	Updating XPIState for {"id":"activity-stream@mozilla.org","syncGUID":"{93cfd15d-7adf-439f-8122-97b4f70872d3}","location":"app-system-defaults","version":"2017.11.07.1100-7f4e3634","type":"extension","internalName":null,"updateURL":null,"updateKey":null,"optionsURL":null,"optionsType":null,"aboutURL":null,"defaultLocale":{"name":"Activity Stream","description":"A rich visual history feed and a reimagined home page make it easier than ever to find exactly what you're looking for in Firefox.","creator":null,"homepageURL":null},"visible":true,"active":false,"userDisabled":false,"appDisabled":false,"installDate":1512591798109,"updateDate":1512591798109,"applyBackgroundUpdates":1,"bootstrap":true,"path":"C:\\Program Files\\Mozilla Firefox\\browser\\features\\activity-stream@mozilla.org.xpi","skinnable":false,"size":1423182,"sourceURI":null,"releaseNotesURI":null,"softDisabled":false,"foreignInstall":false,"hasBinaryComponents":false,"strictCompatibility":false,"locales":[],"targetApplications":[{"id":"{ec8030f7-c20a-464f-9b0e-13a3a9e97384}","minVersion":"57.0.2","maxVersion":"57.*"}],"targetPlatforms":[],"multiprocessCompatible":true,"seen":true,"dependencies":[],"hasEmbeddedWebExtension":false,"mpcOptedOut":false,"userPermissions":null,"icons":{},"iconURL":null,"icon64URL":null,"blocklistState":0,"blocklistURL":null}
1516311592653	DeferredSave.extensions.json	DEBUG	Save changes
1516311592653	addons.manager	DEBUG	Registering startup change 'installed' for aushelper@mozilla.org
1516311592653	addons.xpi	DEBUG	Loading bootstrap scope from C:\Program Files\Mozilla Firefox\browser\features\aushelper@mozilla.org.xpi
1516311592655	addons.xpi	DEBUG	Calling bootstrap method install on aushelper@mozilla.org version 2.0
1516311592655	addons.xpi-utils	DEBUG	Make addon app-system-defaults:aushelper@mozilla.org visible
1516311592655	addons.xpi	DEBUG	Updating XPIState for {"id":"aushelper@mozilla.org","syncGUID":"{e30ab259-1b34-4eda-b4d9-9e483f09ddb4}","location":"app-system-defaults","version":"2.0","type":"extension","internalName":null,"updateURL":null,"updateKey":null,"optionsURL":null,"optionsType":null,"aboutURL":null,"defaultLocale":{"name":"Application Update Service Helper","description":"Sets value(s) in the update url based on custom checks.","creator":null,"homepageURL":null},"visible":true,"active":false,"userDisabled":false,"appDisabled":false,"installDate":1512591798109,"updateDate":1512591798109,"applyBackgroundUpdates":1,"bootstrap":true,"path":"C:\\Program Files\\Mozilla Firefox\\browser\\features\\aushelper@mozilla.org.xpi","skinnable":false,"size":8488,"sourceURI":null,"releaseNotesURI":null,"softDisabled":false,"foreignInstall":false,"hasBinaryComponents":false,"strictCompatibility":false,"locales":[],"targetApplications":[{"id":"{ec8030f7-c20a-464f-9b0e-13a3a9e97384}","minVersion":"57.0.2","maxVersion":"57.*"}],"targetPlatforms":[],"multiprocessCompatible":true,"seen":true,"dependencies":[],"hasEmbeddedWebExtension":false,"mpcOptedOut":false,"userPermissions":null,"icons":{},"iconURL":null,"icon64URL":null,"blocklistState":0,"blocklistURL":null}
1516311592655	DeferredSave.extensions.json	DEBUG	Save changes
1516311592656	addons.manager	DEBUG	Registering startup change 'installed' for e10srollout@mozilla.org
1516311592656	addons.xpi	DEBUG	Loading bootstrap scope from C:\Program Files\Mozilla Firefox\browser\features\e10srollout@mozilla.org.xpi
1516311592663	addons.xpi	DEBUG	Calling bootstrap method install on e10srollout@mozilla.org version 3.05
1516311592664	addons.xpi-utils	DEBUG	Make addon app-system-defaults:e10srollout@mozilla.org visible
1516311592664	addons.xpi	DEBUG	Updating XPIState for {"id":"e10srollout@mozilla.org","syncGUID":"{0627fd9d-5e84-41b7-ad75-fdb910fc58b2}","location":"app-system-defaults","version":"3.05","type":"extension","internalName":null,"updateURL":null,"updateKey":null,"optionsURL":null,"optionsType":null,"aboutURL":null,"defaultLocale":{"name":"Multi-process staged rollout","description":"Staged rollout of Firefox multi-process feature.","creator":null,"homepageURL":null},"visible":true,"active":false,"userDisabled":false,"appDisabled":false,"installDate":1512591798110,"updateDate":1512591798110,"applyBackgroundUpdates":1,"bootstrap":true,"path":"C:\\Program Files\\Mozilla Firefox\\browser\\features\\e10srollout@mozilla.org.xpi","skinnable":false,"size":13479,"sourceURI":null,"releaseNotesURI":null,"softDisabled":false,"foreignInstall":false,"hasBinaryComponents":false,"strictCompatibility":false,"locales":[],"targetApplications":[{"id":"{ec8030f7-c20a-464f-9b0e-13a3a9e97384}","minVersion":"57.0.2","maxVersion":"57.*"}],"targetPlatforms":[],"multiprocessCompatible":true,"seen":true,"dependencies":[],"hasEmbeddedWebExtension":false,"mpcOptedOut":false,"userPermissions":null,"icons":{},"iconURL":null,"icon64URL":null,"blocklistState":0,"blocklistURL":null}
1516311592664	DeferredSave.extensions.json	DEBUG	Save changes
1516311592664	addons.manager	DEBUG	Registering startup change 'installed' for firefox@getpocket.com
1516311592664	addons.xpi	DEBUG	Loading bootstrap scope from C:\Program Files\Mozilla Firefox\browser\features\firefox@getpocket.com.xpi
1516311592668	addons.xpi	DEBUG	Calling bootstrap method install on firefox@getpocket.com version 1.0.5
1516311592668	addons.xpi-utils	DEBUG	Make addon app-system-defaults:firefox@getpocket.com visible
1516311592668	addons.xpi	DEBUG	Updating XPIState for {"id":"firefox@getpocket.com","syncGUID":"{9156c0c6-efc1-40cd-9919-7e61829ae9d0}","location":"app-system-defaults","version":"1.0.5","type":"extension","internalName":null,"updateURL":null,"updateKey":null,"optionsURL":null,"optionsType":null,"aboutURL":null,"defaultLocale":{"name":"Pocket","description":"When you find something you want to view later, put it in Pocket.","creator":null,"homepageURL":null},"visible":true,"active":false,"userDisabled":false,"appDisabled":false,"installDate":1512591798116,"updateDate":1512591798116,"applyBackgroundUpdates":1,"bootstrap":true,"path":"C:\\Program Files\\Mozilla Firefox\\browser\\features\\firefox@getpocket.com.xpi","skinnable":false,"size":914808,"sourceURI":null,"releaseNotesURI":null,"softDisabled":false,"foreignInstall":false,"hasBinaryComponents":false,"strictCompatibility":false,"locales":[],"targetApplications":[{"id":"{ec8030f7-c20a-464f-9b0e-13a3a9e97384}","minVersion":"57.0.2","maxVersion":"57.*"}],"targetPlatforms":[],"multiprocessCompatible":true,"seen":true,"dependencies":[],"hasEmbeddedWebExtension":false,"mpcOptedOut":false,"userPermissions":null,"icons":{},"iconURL":null,"icon64URL":null,"blocklistState":0,"blocklistURL":null}
1516311592669	DeferredSave.extensions.json	DEBUG	Save changes
1516311592669	addons.manager	DEBUG	Registering startup change 'installed' for followonsearch@mozilla.com
1516311592669	addons.xpi	DEBUG	Loading bootstrap scope from C:\Program Files\Mozilla Firefox\browser\features\followonsearch@mozilla.com.xpi
1516311592671	addons.xpi	DEBUG	Calling bootstrap method install on followonsearch@mozilla.com version 0.9.6
1516311592671	addons.xpi-utils	DEBUG	Make addon app-system-defaults:followonsearch@mozilla.com visible
1516311592671	addons.xpi	DEBUG	Updating XPIState for {"id":"followonsearch@mozilla.com","syncGUID":"{35080f8a-d43f-4767-9a6d-a9d413a99491}","location":"app-system-defaults","version":"0.9.6","type":"extension","internalName":null,"updateURL":null,"updateKey":null,"optionsURL":null,"optionsType":null,"aboutURL":null,"defaultLocale":{"name":"Follow-on Search Telemetry","description":null,"creator":null,"homepageURL":null},"visible":true,"active":false,"userDisabled":false,"appDisabled":false,"installDate":1512591798118,"updateDate":1512591798118,"applyBackgroundUpdates":1,"bootstrap":true,"path":"C:\\Program Files\\Mozilla Firefox\\browser\\features\\followonsearch@mozilla.com.xpi","skinnable":false,"size":18625,"sourceURI":null,"releaseNotesURI":null,"softDisabled":false,"foreignInstall":false,"hasBinaryComponents":false,"strictCompatibility":false,"locales":[],"targetApplications":[{"id":"{ec8030f7-c20a-464f-9b0e-13a3a9e97384}","minVersion":"52.0","maxVersion":"59.*"}],"targetPlatforms":[],"multiprocessCompatible":true,"seen":true,"dependencies":[],"hasEmbeddedWebExtension":false,"mpcOptedOut":false,"userPermissions":null,"icons":{},"iconURL":null,"icon64URL":null,"blocklistState":0,"blocklistURL":null}
1516311592952	DeferredSave.extensions.json	DEBUG	Save changes
1516311592952	addons.manager	DEBUG	Registering startup change 'installed' for formautofill@mozilla.org
1516311592952	addons.xpi	DEBUG	Loading bootstrap scope from C:\Program Files\Mozilla Firefox\browser\features\formautofill@mozilla.org.xpi
1516311592954	addons.xpi	DEBUG	Calling bootstrap method install on formautofill@mozilla.org version 1.0
1516311592954	addons.xpi-utils	DEBUG	Make addon app-system-defaults:formautofill@mozilla.org visible
1516311592954	addons.xpi	DEBUG	Updating XPIState for {"id":"formautofill@mozilla.org","syncGUID":"{2ac683ce-b0cc-4b73-ab84-36b6c561bba4}","location":"app-system-defaults","version":"1.0","type":"extension","internalName":null,"updateURL":null,"updateKey":null,"optionsURL":null,"optionsType":null,"aboutURL":null,"defaultLocale":{"name":"Form Autofill","description":"Autofill forms with saved profiles","creator":null,"homepageURL":null},"visible":true,"active":false,"userDisabled":false,"appDisabled":false,"installDate":1512591798121,"updateDate":1512591798121,"applyBackgroundUpdates":1,"bootstrap":true,"path":"C:\\Program Files\\Mozilla Firefox\\browser\\features\\formautofill@mozilla.org.xpi","skinnable":false,"size":380181,"sourceURI":null,"releaseNotesURI":null,"softDisabled":false,"foreignInstall":false,"hasBinaryComponents":false,"strictCompatibility":false,"locales":[],"targetApplications":[{"id":"{ec8030f7-c20a-464f-9b0e-13a3a9e97384}","minVersion":"57.0.2","maxVersion":"57.*"}],"targetPlatforms":[],"multiprocessCompatible":true,"seen":true,"dependencies":[],"hasEmbeddedWebExtension":false,"mpcOptedOut":false,"userPermissions":null,"icons":{},"iconURL":null,"icon64URL":null,"blocklistState":0,"blocklistURL":null}
1516311592954	DeferredSave.extensions.json	DEBUG	Save changes
1516311592954	addons.manager	DEBUG	Registering startup change 'installed' for onboarding@mozilla.org
1516311592955	addons.xpi	DEBUG	Loading bootstrap scope from C:\Program Files\Mozilla Firefox\browser\features\onboarding@mozilla.org.xpi
1516311592957	addons.xpi	DEBUG	Calling bootstrap method install on onboarding@mozilla.org version 1.0
1516311592957	addons.xpi-utils	DEBUG	Make addon app-system-defaults:onboarding@mozilla.org visible
1516311592957	addons.xpi	DEBUG	Updating XPIState for {"id":"onboarding@mozilla.org","syncGUID":"{1505430f-fc96-469f-aaa8-48b9e9df6f57}","location":"app-system-defaults","version":"1.0","type":"extension","internalName":null,"updateURL":null,"updateKey":null,"optionsURL":null,"optionsType":null,"aboutURL":null,"defaultLocale":{"name":"Photon onboarding","description":"Photon onboarding","creator":null,"homepageURL":null},"visible":true,"active":false,"userDisabled":false,"appDisabled":false,"installDate":1512591798126,"updateDate":1512591798126,"applyBackgroundUpdates":1,"bootstrap":true,"path":"C:\\Program Files\\Mozilla Firefox\\browser\\features\\onboarding@mozilla.org.xpi","skinnable":false,"size":550106,"sourceURI":null,"releaseNotesURI":null,"softDisabled":false,"foreignInstall":false,"hasBinaryComponents":false,"strictCompatibility":false,"locales":[],"targetApplications":[{"id":"{ec8030f7-c20a-464f-9b0e-13a3a9e97384}","minVersion":"57.0.2","maxVersion":"57.*"}],"targetPlatforms":[],"multiprocessCompatible":true,"seen":true,"dependencies":[],"hasEmbeddedWebExtension":false,"mpcOptedOut":false,"userPermissions":null,"icons":{},"iconURL":null,"icon64URL":null,"blocklistState":0,"blocklistURL":null}
1516311592957	DeferredSave.extensions.json	DEBUG	Save changes
1516311592957	addons.manager	DEBUG	Registering startup change 'installed' for screenshots@mozilla.org
1516311592957	addons.xpi	DEBUG	Loading bootstrap scope from C:\Program Files\Mozilla Firefox\browser\features\screenshots@mozilla.org.xpi
1516311592959	addons.xpi	DEBUG	Calling bootstrap method install on screenshots@mozilla.org version 19.2.0
1516311592959	addons.xpi-utils	DEBUG	Make addon app-system-defaults:screenshots@mozilla.org visible
1516311592959	addons.xpi	DEBUG	Updating XPIState for {"id":"screenshots@mozilla.org","syncGUID":"{cd109521-62e4-400a-881f-0b9ab788d285}","location":"app-system-defaults","version":"19.2.0","type":"extension","internalName":null,"updateURL":null,"updateKey":null,"optionsURL":null,"optionsType":null,"aboutURL":null,"defaultLocale":{"name":"Firefox Screenshots","description":null,"creator":null,"homepageURL":"https://screenshots.firefox.com/"},"visible":true,"active":false,"userDisabled":false,"appDisabled":false,"installDate":1512591798132,"updateDate":1512591798132,"applyBackgroundUpdates":1,"bootstrap":true,"path":"C:\\Program Files\\Mozilla Firefox\\browser\\features\\screenshots@mozilla.org.xpi","skinnable":false,"size":884473,"sourceURI":null,"releaseNotesURI":null,"softDisabled":false,"foreignInstall":false,"hasBinaryComponents":false,"strictCompatibility":false,"locales":[],"targetApplications":[{"id":"{ec8030f7-c20a-464f-9b0e-13a3a9e97384}","minVersion":"57.0a1","maxVersion":"*"}],"targetPlatforms":[],"multiprocessCompatible":true,"seen":true,"dependencies":[],"hasEmbeddedWebExtension":false,"mpcOptedOut":false,"userPermissions":null,"icons":{},"iconURL":null,"icon64URL":null,"blocklistState":0,"blocklistURL":null}
1516311592960	DeferredSave.extensions.json	DEBUG	Save changes
1516311592960	addons.manager	DEBUG	Registering startup change 'installed' for shield-recipe-client@mozilla.org
1516311592960	addons.xpi	DEBUG	Loading bootstrap scope from C:\Program Files\Mozilla Firefox\browser\features\shield-recipe-client@mozilla.org.xpi
1516311592963	addons.xpi	DEBUG	Calling bootstrap method install on shield-recipe-client@mozilla.org version 76.1
1516311592964	addons.xpi-utils	DEBUG	Make addon app-system-defaults:shield-recipe-client@mozilla.org visible
1516311592964	addons.xpi	DEBUG	Updating XPIState for {"id":"shield-recipe-client@mozilla.org","syncGUID":"{084b93f7-1929-48c5-8086-8e01714d46de}","location":"app-system-defaults","version":"76.1","type":"extension","internalName":null,"updateURL":null,"updateKey":null,"optionsURL":null,"optionsType":null,"aboutURL":null,"defaultLocale":{"name":"Shield Recipe Client","description":"Client to download and run recipes for SHIELD, Heartbeat, etc.","creator":null,"homepageURL":null},"visible":true,"active":false,"userDisabled":false,"appDisabled":false,"installDate":1512591798136,"updateDate":1512591798136,"applyBackgroundUpdates":1,"bootstrap":true,"path":"C:\\Program Files\\Mozilla Firefox\\browser\\features\\shield-recipe-client@mozilla.org.xpi","skinnable":false,"size":364002,"sourceURI":null,"releaseNotesURI":null,"softDisabled":false,"foreignInstall":false,"hasBinaryComponents":false,"strictCompatibility":false,"locales":[],"targetApplications":[{"id":"{ec8030f7-c20a-464f-9b0e-13a3a9e97384}","minVersion":"57.0.2","maxVersion":"57.*"}],"targetPlatforms":[],"multiprocessCompatible":true,"seen":true,"dependencies":[],"hasEmbeddedWebExtension":false,"mpcOptedOut":false,"userPermissions":null,"icons":{},"iconURL":null,"icon64URL":null,"blocklistState":0,"blocklistURL":null}
1516311592964	DeferredSave.extensions.json	DEBUG	Save changes
1516311592964	addons.manager	DEBUG	Registering startup change 'installed' for webcompat@mozilla.org
1516311592964	addons.xpi	DEBUG	Loading bootstrap scope from C:\Program Files\Mozilla Firefox\browser\features\webcompat@mozilla.org.xpi
1516311592966	addons.xpi	DEBUG	Calling bootstrap method install on webcompat@mozilla.org version 1.1
1516311592966	addons.xpi-utils	DEBUG	Make addon app-system-defaults:webcompat@mozilla.org visible
1516311592966	addons.xpi	DEBUG	Updating XPIState for {"id":"webcompat@mozilla.org","syncGUID":"{a96930b4-2ddb-4b39-9297-f53b5eff7ab5}","location":"app-system-defaults","version":"1.1","type":"extension","internalName":null,"updateURL":null,"updateKey":null,"optionsURL":null,"optionsType":null,"aboutURL":null,"defaultLocale":{"name":"Web Compat","description":"Urgent post-release fixes for web compatibility.","creator":null,"homepageURL":null},"visible":true,"active":false,"userDisabled":false,"appDisabled":false,"installDate":1512591798136,"updateDate":1512591798136,"applyBackgroundUpdates":1,"bootstrap":true,"path":"C:\\Program Files\\Mozilla Firefox\\browser\\features\\webcompat@mozilla.org.xpi","skinnable":false,"size":9268,"sourceURI":null,"releaseNotesURI":null,"softDisabled":false,"foreignInstall":false,"hasBinaryComponents":false,"strictCompatibility":false,"locales":[],"targetApplications":[{"id":"{ec8030f7-c20a-464f-9b0e-13a3a9e97384}","minVersion":"57.0.2","maxVersion":"57.*"}],"targetPlatforms":[],"multiprocessCompatible":true,"seen":true,"dependencies":[],"hasEmbeddedWebExtension":false,"mpcOptedOut":false,"userPermissions":null,"icons":{},"iconURL":null,"icon64URL":null,"blocklistState":0,"blocklistURL":null}
1516311592966	DeferredSave.extensions.json	DEBUG	Save changes
1516311592966	addons.xpi-utils	DEBUG	Make addon app-global:{972ce4c6-7e08-4474-a285-3208198ce6fd} visible
1516311592967	addons.xpi	DEBUG	Updating XPIState for {"id":"{972ce4c6-7e08-4474-a285-3208198ce6fd}","syncGUID":"{99ceddf3-5e66-45a7-ba0d-c3855e62f1c1}","location":"app-global","version":"57.0.2","type":"theme","internalName":"classic/1.0","updateURL":null,"updateKey":null,"optionsURL":null,"optionsType":null,"optionsBrowserStyle":null,"aboutURL":null,"defaultLocale":{"name":"Default","description":"The default theme.","creator":"Mozilla","homepageURL":null,"contributors":["Mozilla Contributors"]},"visible":true,"active":false,"userDisabled":false,"appDisabled":false,"installDate":1512591798099,"updateDate":1512591798099,"applyBackgroundUpdates":1,"path":"C:\\Program Files\\Mozilla Firefox\\browser\\extensions\\{972ce4c6-7e08-4474-a285-3208198ce6fd}.xpi","skinnable":true,"size":3354,"sourceURI":null,"releaseNotesURI":null,"softDisabled":false,"foreignInstall":false,"hasBinaryComponents":false,"strictCompatibility":true,"locales":[],"targetApplications":[{"id":"{ec8030f7-c20a-464f-9b0e-13a3a9e97384}","minVersion":"57.0.2","maxVersion":"57.0.2"}],"targetPlatforms":[],"seen":true,"dependencies":[],"hasEmbeddedWebExtension":false,"userPermissions":null,"icons":{},"iconURL":"chrome://browser/content/default-theme-icon.svg","icon64URL":null,"blocklistState":0,"blocklistURL":null}
1516311592967	DeferredSave.extensions.json	DEBUG	Save changes
1516311592968	addons.xpi	DEBUG	Updating XPIState for {"id":"activity-stream@mozilla.org","syncGUID":"{93cfd15d-7adf-439f-8122-97b4f70872d3}","location":"app-system-defaults","version":"2017.11.07.1100-7f4e3634","type":"extension","internalName":null,"updateURL":null,"updateKey":null,"optionsURL":null,"optionsType":null,"aboutURL":null,"defaultLocale":{"name":"Activity Stream","description":"A rich visual history feed and a reimagined home page make it easier than ever to find exactly what you're looking for in Firefox.","creator":null,"homepageURL":null},"visible":true,"active":true,"userDisabled":false,"appDisabled":false,"installDate":1512591798109,"updateDate":1512591798109,"applyBackgroundUpdates":1,"bootstrap":true,"path":"C:\\Program Files\\Mozilla Firefox\\browser\\features\\activity-stream@mozilla.org.xpi","skinnable":false,"size":1423182,"sourceURI":null,"releaseNotesURI":null,"softDisabled":false,"foreignInstall":false,"hasBinaryComponents":false,"strictCompatibility":false,"locales":[],"targetApplications":[{"id":"{ec8030f7-c20a-464f-9b0e-13a3a9e97384}","minVersion":"57.0.2","maxVersion":"57.*"}],"targetPlatforms":[],"multiprocessCompatible":true,"seen":true,"dependencies":[],"hasEmbeddedWebExtension":false,"mpcOptedOut":false,"userPermissions":null,"icons":{},"iconURL":null,"icon64URL":null,"blocklistState":0,"blocklistURL":null}
1516311592968	addons.xpi	DEBUG	Updating XPIState for {"id":"aushelper@mozilla.org","syncGUID":"{e30ab259-1b34-4eda-b4d9-9e483f09ddb4}","location":"app-system-defaults","version":"2.0","type":"extension","internalName":null,"updateURL":null,"updateKey":null,"optionsURL":null,"optionsType":null,"aboutURL":null,"defaultLocale":{"name":"Application Update Service Helper","description":"Sets value(s) in the update url based on custom checks.","creator":null,"homepageURL":null},"visible":true,"active":true,"userDisabled":false,"appDisabled":false,"installDate":1512591798109,"updateDate":1512591798109,"applyBackgroundUpdates":1,"bootstrap":true,"path":"C:\\Program Files\\Mozilla Firefox\\browser\\features\\aushelper@mozilla.org.xpi","skinnable":false,"size":8488,"sourceURI":null,"releaseNotesURI":null,"softDisabled":false,"foreignInstall":false,"hasBinaryComponents":false,"strictCompatibility":false,"locales":[],"targetApplications":[{"id":"{ec8030f7-c20a-464f-9b0e-13a3a9e97384}","minVersion":"57.0.2","maxVersion":"57.*"}],"targetPlatforms":[],"multiprocessCompatible":true,"seen":true,"dependencies":[],"hasEmbeddedWebExtension":false,"mpcOptedOut":false,"userPermissions":null,"icons":{},"iconURL":null,"icon64URL":null,"blocklistState":0,"blocklistURL":null}
1516311592968	addons.xpi	DEBUG	Updating XPIState for {"id":"e10srollout@mozilla.org","syncGUID":"{0627fd9d-5e84-41b7-ad75-fdb910fc58b2}","location":"app-system-defaults","version":"3.05","type":"extension","internalName":null,"updateURL":null,"updateKey":null,"optionsURL":null,"optionsType":null,"aboutURL":null,"defaultLocale":{"name":"Multi-process staged rollout","description":"Staged rollout of Firefox multi-process feature.","creator":null,"homepageURL":null},"visible":true,"active":true,"userDisabled":false,"appDisabled":false,"installDate":1512591798110,"updateDate":1512591798110,"applyBackgroundUpdates":1,"bootstrap":true,"path":"C:\\Program Files\\Mozilla Firefox\\browser\\features\\e10srollout@mozilla.org.xpi","skinnable":false,"size":13479,"sourceURI":null,"releaseNotesURI":null,"softDisabled":false,"foreignInstall":false,"hasBinaryComponents":false,"strictCompatibility":false,"locales":[],"targetApplications":[{"id":"{ec8030f7-c20a-464f-9b0e-13a3a9e97384}","minVersion":"57.0.2","maxVersion":"57.*"}],"targetPlatforms":[],"multiprocessCompatible":true,"seen":true,"dependencies":[],"hasEmbeddedWebExtension":false,"mpcOptedOut":false,"userPermissions":null,"icons":{},"iconURL":null,"icon64URL":null,"blocklistState":0,"blocklistURL":null}
1516311592968	addons.xpi	DEBUG	Updating XPIState for {"id":"firefox@getpocket.com","syncGUID":"{9156c0c6-efc1-40cd-9919-7e61829ae9d0}","location":"app-system-defaults","version":"1.0.5","type":"extension","internalName":null,"updateURL":null,"updateKey":null,"optionsURL":null,"optionsType":null,"aboutURL":null,"defaultLocale":{"name":"Pocket","description":"When you find something you want to view later, put it in Pocket.","creator":null,"homepageURL":null},"visible":true,"active":true,"userDisabled":false,"appDisabled":false,"installDate":1512591798116,"updateDate":1512591798116,"applyBackgroundUpdates":1,"bootstrap":true,"path":"C:\\Program Files\\Mozilla Firefox\\browser\\features\\firefox@getpocket.com.xpi","skinnable":false,"size":914808,"sourceURI":null,"releaseNotesURI":null,"softDisabled":false,"foreignInstall":false,"hasBinaryComponents":false,"strictCompatibility":false,"locales":[],"targetApplications":[{"id":"{ec8030f7-c20a-464f-9b0e-13a3a9e97384}","minVersion":"57.0.2","maxVersion":"57.*"}],"targetPlatforms":[],"multiprocessCompatible":true,"seen":true,"dependencies":[],"hasEmbeddedWebExtension":false,"mpcOptedOut":false,"userPermissions":null,"icons":{},"iconURL":null,"icon64URL":null,"blocklistState":0,"blocklistURL":null}
1516311592968	addons.xpi	DEBUG	Updating XPIState for {"id":"followonsearch@mozilla.com","syncGUID":"{35080f8a-d43f-4767-9a6d-a9d413a99491}","location":"app-system-defaults","version":"0.9.6","type":"extension","internalName":null,"updateURL":null,"updateKey":null,"optionsURL":null,"optionsType":null,"aboutURL":null,"defaultLocale":{"name":"Follow-on Search Telemetry","description":null,"creator":null,"homepageURL":null},"visible":true,"active":true,"userDisabled":false,"appDisabled":false,"installDate":1512591798118,"updateDate":1512591798118,"applyBackgroundUpdates":1,"bootstrap":true,"path":"C:\\Program Files\\Mozilla Firefox\\browser\\features\\followonsearch@mozilla.com.xpi","skinnable":false,"size":18625,"sourceURI":null,"releaseNotesURI":null,"softDisabled":false,"foreignInstall":false,"hasBinaryComponents":false,"strictCompatibility":false,"locales":[],"targetApplications":[{"id":"{ec8030f7-c20a-464f-9b0e-13a3a9e97384}","minVersion":"52.0","maxVersion":"59.*"}],"targetPlatforms":[],"multiprocessCompatible":true,"seen":true,"dependencies":[],"hasEmbeddedWebExtension":false,"mpcOptedOut":false,"userPermissions":null,"icons":{},"iconURL":null,"icon64URL":null,"blocklistState":0,"blocklistURL":null}
1516311592968	addons.xpi	DEBUG	Updating XPIState for {"id":"formautofill@mozilla.org","syncGUID":"{2ac683ce-b0cc-4b73-ab84-36b6c561bba4}","location":"app-system-defaults","version":"1.0","type":"extension","internalName":null,"updateURL":null,"updateKey":null,"optionsURL":null,"optionsType":null,"aboutURL":null,"defaultLocale":{"name":"Form Autofill","description":"Autofill forms with saved profiles","creator":null,"homepageURL":null},"visible":true,"active":true,"userDisabled":false,"appDisabled":false,"installDate":1512591798121,"updateDate":1512591798121,"applyBackgroundUpdates":1,"bootstrap":true,"path":"C:\\Program Files\\Mozilla Firefox\\browser\\features\\formautofill@mozilla.org.xpi","skinnable":false,"size":380181,"sourceURI":null,"releaseNotesURI":null,"softDisabled":false,"foreignInstall":false,"hasBinaryComponents":false,"strictCompatibility":false,"locales":[],"targetApplications":[{"id":"{ec8030f7-c20a-464f-9b0e-13a3a9e97384}","minVersion":"57.0.2","maxVersion":"57.*"}],"targetPlatforms":[],"multiprocessCompatible":true,"seen":true,"dependencies":[],"hasEmbeddedWebExtension":false,"mpcOptedOut":false,"userPermissions":null,"icons":{},"iconURL":null,"icon64URL":null,"blocklistState":0,"blocklistURL":null}
1516311592968	addons.xpi	DEBUG	Updating XPIState for {"id":"onboarding@mozilla.org","syncGUID":"{1505430f-fc96-469f-aaa8-48b9e9df6f57}","location":"app-system-defaults","version":"1.0","type":"extension","internalName":null,"updateURL":null,"updateKey":null,"optionsURL":null,"optionsType":null,"aboutURL":null,"defaultLocale":{"name":"Photon onboarding","description":"Photon onboarding","creator":null,"homepageURL":null},"visible":true,"active":true,"userDisabled":false,"appDisabled":false,"installDate":1512591798126,"updateDate":1512591798126,"applyBackgroundUpdates":1,"bootstrap":true,"path":"C:\\Program Files\\Mozilla Firefox\\browser\\features\\onboarding@mozilla.org.xpi","skinnable":false,"size":550106,"sourceURI":null,"releaseNotesURI":null,"softDisabled":false,"foreignInstall":false,"hasBinaryComponents":false,"strictCompatibility":false,"locales":[],"targetApplications":[{"id":"{ec8030f7-c20a-464f-9b0e-13a3a9e97384}","minVersion":"57.0.2","maxVersion":"57.*"}],"targetPlatforms":[],"multiprocessCompatible":true,"seen":true,"dependencies":[],"hasEmbeddedWebExtension":false,"mpcOptedOut":false,"userPermissions":null,"icons":{},"iconURL":null,"icon64URL":null,"blocklistState":0,"blocklistURL":null}
1516311592968	addons.xpi	DEBUG	Updating XPIState for {"id":"screenshots@mozilla.org","syncGUID":"{cd109521-62e4-400a-881f-0b9ab788d285}","location":"app-system-defaults","version":"19.2.0","type":"extension","internalName":null,"updateURL":null,"updateKey":null,"optionsURL":null,"optionsType":null,"aboutURL":null,"defaultLocale":{"name":"Firefox Screenshots","description":null,"creator":null,"homepageURL":"https://screenshots.firefox.com/"},"visible":true,"active":true,"userDisabled":false,"appDisabled":false,"installDate":1512591798132,"updateDate":1512591798132,"applyBackgroundUpdates":1,"bootstrap":true,"path":"C:\\Program Files\\Mozilla Firefox\\browser\\features\\screenshots@mozilla.org.xpi","skinnable":false,"size":884473,"sourceURI":null,"releaseNotesURI":null,"softDisabled":false,"foreignInstall":false,"hasBinaryComponents":false,"strictCompatibility":false,"locales":[],"targetApplications":[{"id":"{ec8030f7-c20a-464f-9b0e-13a3a9e97384}","minVersion":"57.0a1","maxVersion":"*"}],"targetPlatforms":[],"multiprocessCompatible":true,"seen":true,"dependencies":[],"hasEmbeddedWebExtension":false,"mpcOptedOut":false,"userPermissions":null,"icons":{},"iconURL":null,"icon64URL":null,"blocklistState":0,"blocklistURL":null}
1516311592969	addons.xpi	DEBUG	Updating XPIState for {"id":"shield-recipe-client@mozilla.org","syncGUID":"{084b93f7-1929-48c5-8086-8e01714d46de}","location":"app-system-defaults","version":"76.1","type":"extension","internalName":null,"updateURL":null,"updateKey":null,"optionsURL":null,"optionsType":null,"aboutURL":null,"defaultLocale":{"name":"Shield Recipe Client","description":"Client to download and run recipes for SHIELD, Heartbeat, etc.","creator":null,"homepageURL":null},"visible":true,"active":true,"userDisabled":false,"appDisabled":false,"installDate":1512591798136,"updateDate":1512591798136,"applyBackgroundUpdates":1,"bootstrap":true,"path":"C:\\Program Files\\Mozilla Firefox\\browser\\features\\shield-recipe-client@mozilla.org.xpi","skinnable":false,"size":364002,"sourceURI":null,"releaseNotesURI":null,"softDisabled":false,"foreignInstall":false,"hasBinaryComponents":false,"strictCompatibility":false,"locales":[],"targetApplications":[{"id":"{ec8030f7-c20a-464f-9b0e-13a3a9e97384}","minVersion":"57.0.2","maxVersion":"57.*"}],"targetPlatforms":[],"multiprocessCompatible":true,"seen":true,"dependencies":[],"hasEmbeddedWebExtension":false,"mpcOptedOut":false,"userPermissions":null,"icons":{},"iconURL":null,"icon64URL":null,"blocklistState":0,"blocklistURL":null}
1516311592969	addons.xpi	DEBUG	Updating XPIState for {"id":"webcompat@mozilla.org","syncGUID":"{a96930b4-2ddb-4b39-9297-f53b5eff7ab5}","location":"app-system-defaults","version":"1.1","type":"extension","internalName":null,"updateURL":null,"updateKey":null,"optionsURL":null,"optionsType":null,"aboutURL":null,"defaultLocale":{"name":"Web Compat","description":"Urgent post-release fixes for web compatibility.","creator":null,"homepageURL":null},"visible":true,"active":true,"userDisabled":false,"appDisabled":false,"installDate":1512591798136,"updateDate":1512591798136,"applyBackgroundUpdates":1,"bootstrap":true,"path":"C:\\Program Files\\Mozilla Firefox\\browser\\features\\webcompat@mozilla.org.xpi","skinnable":false,"size":9268,"sourceURI":null,"releaseNotesURI":null,"softDisabled":false,"foreignInstall":false,"hasBinaryComponents":false,"strictCompatibility":false,"locales":[],"targetApplications":[{"id":"{ec8030f7-c20a-464f-9b0e-13a3a9e97384}","minVersion":"57.0.2","maxVersion":"57.*"}],"targetPlatforms":[],"multiprocessCompatible":true,"seen":true,"dependencies":[],"hasEmbeddedWebExtension":false,"mpcOptedOut":false,"userPermissions":null,"icons":{},"iconURL":null,"icon64URL":null,"blocklistState":0,"blocklistURL":null}
1516311592969	addons.xpi	DEBUG	Updating XPIState for {"id":"{972ce4c6-7e08-4474-a285-3208198ce6fd}","syncGUID":"{99ceddf3-5e66-45a7-ba0d-c3855e62f1c1}","location":"app-global","version":"57.0.2","type":"theme","internalName":"classic/1.0","updateURL":null,"updateKey":null,"optionsURL":null,"optionsType":null,"optionsBrowserStyle":null,"aboutURL":null,"defaultLocale":{"name":"Default","description":"The default theme.","creator":"Mozilla","homepageURL":null,"contributors":["Mozilla Contributors"]},"visible":true,"active":true,"userDisabled":false,"appDisabled":false,"installDate":1512591798099,"updateDate":1512591798099,"applyBackgroundUpdates":1,"path":"C:\\Program Files\\Mozilla Firefox\\browser\\extensions\\{972ce4c6-7e08-4474-a285-3208198ce6fd}.xpi","skinnable":true,"size":3354,"sourceURI":null,"releaseNotesURI":null,"softDisabled":false,"foreignInstall":false,"hasBinaryComponents":false,"strictCompatibility":true,"locales":[],"targetApplications":[{"id":"{ec8030f7-c20a-464f-9b0e-13a3a9e97384}","minVersion":"57.0.2","maxVersion":"57.0.2"}],"targetPlatforms":[],"seen":true,"dependencies":[],"hasEmbeddedWebExtension":false,"userPermissions":null,"icons":{},"iconURL":"chrome://browser/content/default-theme-icon.svg","icon64URL":null,"blocklistState":0,"blocklistURL":null}
1516311592969	DeferredSave.extensions.json	DEBUG	Save changes
1516311592969	addons.xpi	DEBUG	Updating database with changes to installed add-ons
1516311592969	addons.xpi-utils	DEBUG	Updating add-on states
1516311592974	addons.xpi	DEBUG	Registering manifest for C:\Program Files\Mozilla Firefox\browser\features\activity-stream@mozilla.org.xpi
1516311592974	addons.xpi	DEBUG	Calling bootstrap method startup on activity-stream@mozilla.org version 2017.11.07.1100-7f4e3634
1516311592975	addons.xpi	DEBUG	Registering manifest for C:\Program Files\Mozilla Firefox\browser\features\aushelper@mozilla.org.xpi
1516311592976	addons.xpi	DEBUG	Calling bootstrap method startup on aushelper@mozilla.org version 2.0
1516311592977	addons.xpi	DEBUG	Registering manifest for C:\Program Files\Mozilla Firefox\browser\features\e10srollout@mozilla.org.xpi
1516311592977	addons.xpi	DEBUG	Calling bootstrap method startup on e10srollout@mozilla.org version 3.05
1516311592977	addons.xpi	DEBUG	Registering manifest for C:\Program Files\Mozilla Firefox\browser\features\firefox@getpocket.com.xpi
1516311592978	addons.xpi	DEBUG	Calling bootstrap method startup on firefox@getpocket.com version 1.0.5
1516311593078	addons.xpi	DEBUG	Registering manifest for C:\Program Files\Mozilla Firefox\browser\features\followonsearch@mozilla.com.xpi
1516311593078	addons.xpi	DEBUG	Calling bootstrap method startup on followonsearch@mozilla.com version 0.9.6
1516311593079	addons.xpi	DEBUG	Registering manifest for C:\Program Files\Mozilla Firefox\browser\features\formautofill@mozilla.org.xpi
1516311593079	addons.xpi	DEBUG	Calling bootstrap method startup on formautofill@mozilla.org version 1.0
1516311593079	addons.xpi	DEBUG	Registering manifest for C:\Program Files\Mozilla Firefox\browser\features\onboarding@mozilla.org.xpi
1516311593080	addons.xpi	DEBUG	Calling bootstrap method startup on onboarding@mozilla.org version 1.0
1516311593080	addons.xpi	DEBUG	Registering manifest for C:\Program Files\Mozilla Firefox\browser\features\screenshots@mozilla.org.xpi
1516311593080	addons.xpi	DEBUG	Calling bootstrap method startup on screenshots@mozilla.org version 19.2.0
1516311593081	addons.xpi	DEBUG	Registering manifest for C:\Program Files\Mozilla Firefox\browser\features\shield-recipe-client@mozilla.org.xpi
1516311593081	addons.xpi	DEBUG	Calling bootstrap method startup on shield-recipe-client@mozilla.org version 76.1
1516311593362	addons.xpi	DEBUG	Registering manifest for C:\Program Files\Mozilla Firefox\browser\features\webcompat@mozilla.org.xpi
1516311593363	addons.xpi	DEBUG	Calling bootstrap method startup on webcompat@mozilla.org version 1.1
1516311593365	addons.manager	DEBUG	Registering shutdown blocker for XPIProvider
1516311593365	addons.manager	DEBUG	Provider finished startup: XPIProvider
1516311593365	addons.manager	DEBUG	Starting provider: LightweightThemeManager
1516311593365	addons.manager	DEBUG	Registering shutdown blocker for LightweightThemeManager
1516311593365	addons.manager	DEBUG	Provider finished startup: LightweightThemeManager
1516311593365	addons.manager	DEBUG	Starting provider: GMPProvider
1516311593370	addons.manager	DEBUG	Registering shutdown blocker for GMPProvider
1516311593370	addons.manager	DEBUG	Provider finished startup: GMPProvider
1516311593370	addons.manager	DEBUG	Starting provider: PluginProvider
1516311593370	addons.manager	DEBUG	Registering shutdown blocker for PluginProvider
1516311593370	addons.manager	DEBUG	Provider finished startup: PluginProvider
1516311593371	addons.manager	DEBUG	Completed startup sequence
1516311599366	Marionette	INFO	Enabled via --marionette
1516311614088	addons.manager	DEBUG	Starting provider: PreviousExperimentProvider
1516311614088	addons.manager	DEBUG	Registering shutdown blocker for PreviousExperimentProvider
1516311614088	addons.manager	DEBUG	Provider finished startup: PreviousExperimentProvider
1516311618972	DeferredSave.extensions.json	DEBUG	Starting write
1516311619375	DeferredSave.webext.sc.lz4	DEBUG	Save changes
1516311619375	DeferredSave.webext.sc.lz4	DEBUG	Starting timer
1516311619550	DeferredSave.webext.sc.lz4	DEBUG	Save changes
1516311619669	DeferredSave.webext.sc.lz4	DEBUG	Save changes
1516311619669	DeferredSave.webext.sc.lz4	DEBUG	Save changes
1516311619670	DeferredSave.webext.sc.lz4	DEBUG	Save changes
1516311619670	DeferredSave.webext.sc.lz4	DEBUG	Save changes
1516311619671	DeferredSave.webext.sc.lz4	DEBUG	Save changes
1516311619672	DeferredSave.webext.sc.lz4	DEBUG	Save changes
1516311619672	DeferredSave.webext.sc.lz4	DEBUG	Save changes
1516311619673	DeferredSave.webext.sc.lz4	DEBUG	Save changes
1516311619673	DeferredSave.webext.sc.lz4	DEBUG	Save changes
1516311619674	DeferredSave.webext.sc.lz4	DEBUG	Save changes
1516311619674	DeferredSave.webext.sc.lz4	DEBUG	Save changes
1516311619675	DeferredSave.webext.sc.lz4	DEBUG	Save changes
1516311619675	DeferredSave.webext.sc.lz4	DEBUG	Save changes
1516311619676	DeferredSave.webext.sc.lz4	DEBUG	Save changes
1516311619676	DeferredSave.webext.sc.lz4	DEBUG	Save changes
1516311619677	DeferredSave.webext.sc.lz4	DEBUG	Save changes
1516311619681	DeferredSave.webext.sc.lz4	DEBUG	Save changes
1516311619682	DeferredSave.webext.sc.lz4	DEBUG	Save changes
1516311619682	DeferredSave.webext.sc.lz4	DEBUG	Save changes
1516311619683	DeferredSave.webext.sc.lz4	DEBUG	Save changes
1516311619683	DeferredSave.webext.sc.lz4	DEBUG	Save changes
1516311619684	DeferredSave.webext.sc.lz4	DEBUG	Save changes
1516311619686	DeferredSave.webext.sc.lz4	DEBUG	Save changes
1516311619686	DeferredSave.webext.sc.lz4	DEBUG	Save changes
1516311619687	DeferredSave.webext.sc.lz4	DEBUG	Save changes
1516311619687	DeferredSave.webext.sc.lz4	DEBUG	Save changes
1516311619688	DeferredSave.webext.sc.lz4	DEBUG	Save changes
1516311619688	DeferredSave.webext.sc.lz4	DEBUG	Save changes
1516311619688	DeferredSave.webext.sc.lz4	DEBUG	Save changes
1516311619689	DeferredSave.webext.sc.lz4	DEBUG	Save changes
1516311619690	DeferredSave.webext.sc.lz4	DEBUG	Save changes
1516311619691	DeferredSave.webext.sc.lz4	DEBUG	Save changes
1516311619691	DeferredSave.webext.sc.lz4	DEBUG	Save changes
1516311619692	DeferredSave.webext.sc.lz4	DEBUG	Save changes
1516311619692	DeferredSave.webext.sc.lz4	DEBUG	Save changes
1516311619693	DeferredSave.webext.sc.lz4	DEBUG	Save changes
1516311619693	DeferredSave.webext.sc.lz4	DEBUG	Save changes
1516311619694	DeferredSave.webext.sc.lz4	DEBUG	Save changes
1516311619694	DeferredSave.webext.sc.lz4	DEBUG	Save changes
1516311619694	DeferredSave.webext.sc.lz4	DEBUG	Save changes
1516311619694	DeferredSave.webext.sc.lz4	DEBUG	Save changes
1516311619695	DeferredSave.webext.sc.lz4	DEBUG	Save changes
1516311619696	DeferredSave.webext.sc.lz4	DEBUG	Save changes
1516311619696	DeferredSave.webext.sc.lz4	DEBUG	Save changes
1516311619697	DeferredSave.webext.sc.lz4	DEBUG	Save changes
1516311619698	DeferredSave.webext.sc.lz4	DEBUG	Save changes
1516311619699	DeferredSave.webext.sc.lz4	DEBUG	Save changes
1516311619700	DeferredSave.webext.sc.lz4	DEBUG	Save changes
1516311619700	DeferredSave.extensions.json	DEBUG	Write succeeded
1516311619700	addons.xpi-utils	DEBUG	XPI Database saved, setting schema version preference to 23
1516311619820	DeferredSave.webext.sc.lz4	DEBUG	Save changes
1516311619822	DeferredSave.webext.sc.lz4	DEBUG	Save changes
1516311622741	DeferredSave.webext.sc.lz4	DEBUG	Save changes
1516311622769	DeferredSave.webext.sc.lz4	DEBUG	Save changes
1516311622770	DeferredSave.webext.sc.lz4	DEBUG	Save changes
1516311627124	addons.xpi	INFO	Mapping activity-stream@mozilla.org to C:\Program Files\Mozilla Firefox\browser\features\activity-stream@mozilla.org.xpi
1516311627124	addons.xpi	INFO	Mapping aushelper@mozilla.org to C:\Program Files\Mozilla Firefox\browser\features\aushelper@mozilla.org.xpi
1516311627124	addons.xpi	INFO	Mapping e10srollout@mozilla.org to C:\Program Files\Mozilla Firefox\browser\features\e10srollout@mozilla.org.xpi
1516311627124	addons.xpi	INFO	Mapping firefox@getpocket.com to C:\Program Files\Mozilla Firefox\browser\features\firefox@getpocket.com.xpi
1516311627124	addons.xpi	INFO	Mapping followonsearch@mozilla.com to C:\Program Files\Mozilla Firefox\browser\features\followonsearch@mozilla.com.xpi
1516311627124	addons.xpi	INFO	Mapping formautofill@mozilla.org to C:\Program Files\Mozilla Firefox\browser\features\formautofill@mozilla.org.xpi
1516311627124	addons.xpi	INFO	Mapping onboarding@mozilla.org to C:\Program Files\Mozilla Firefox\browser\features\onboarding@mozilla.org.xpi
1516311627124	addons.xpi	INFO	Mapping screenshots@mozilla.org to C:\Program Files\Mozilla Firefox\browser\features\screenshots@mozilla.org.xpi
1516311627124	addons.xpi	INFO	Mapping shield-recipe-client@mozilla.org to C:\Program Files\Mozilla Firefox\browser\features\shield-recipe-client@mozilla.org.xpi
1516311627124	addons.xpi	INFO	Mapping webcompat@mozilla.org to C:\Program Files\Mozilla Firefox\browser\features\webcompat@mozilla.org.xpi
1516311627125	addons.xpi	DEBUG	Existing add-on activity-stream@mozilla.org in app-system-defaults
1516311627125	addons.xpi	DEBUG	Existing add-on aushelper@mozilla.org in app-system-defaults
1516311627125	addons.xpi	DEBUG	Existing add-on e10srollout@mozilla.org in app-system-defaults
1516311627125	addons.xpi	DEBUG	Existing add-on firefox@getpocket.com in app-system-defaults
1516311627126	addons.xpi	DEBUG	Existing add-on followonsearch@mozilla.com in app-system-defaults
1516311627126	addons.xpi	DEBUG	Existing add-on formautofill@mozilla.org in app-system-defaults
1516311627126	addons.xpi	DEBUG	Existing add-on onboarding@mozilla.org in app-system-defaults
1516311627126	addons.xpi	DEBUG	Existing add-on screenshots@mozilla.org in app-system-defaults
1516311627127	addons.xpi	DEBUG	Existing add-on shield-recipe-client@mozilla.org in app-system-defaults
1516311627127	addons.xpi	DEBUG	Existing add-on webcompat@mozilla.org in app-system-defaults
1516311627127	addons.xpi	INFO	Mapping {972ce4c6-7e08-4474-a285-3208198ce6fd} to C:\Program Files\Mozilla Firefox\browser\extensions\{972ce4c6-7e08-4474-a285-3208198ce6fd}.xpi
1516311627128	addons.xpi	DEBUG	Existing add-on {972ce4c6-7e08-4474-a285-3208198ce6fd} in app-global
1516311627128	addons.xpi	DEBUG	getInstallState changed: false, state: {}
1516311631663	Marionette	INFO	Listening on port 61005
1516311632742	Marionette	WARN	TLS certificate errors will be ignored for this session
1516311632788	Marionette	DEBUG	Register listener.js for window 2147483649
1516311633735	DeferredSave.webext.sc.lz4	DEBUG	Starting write
1516311633740	DeferredSave.webext.sc.lz4	DEBUG	Write succeeded
1516311634044	Marionette	DEBUG	Received DOM event "beforeunload" for "about:blank"
1516311634053	Marionette	DEBUG	Received DOM event "pagehide" for "about:blank"
1516311634053	Marionette	DEBUG	Received DOM event "unload" for "about:blank"
1516311634054	Marionette	DEBUG	Received observer notification "outer-window-destroyed" for "2147483649"
[Child 18268, Chrome_ChildThread] WARNING: pipe error: 109: file z:/build/build/src/ipc/chromium/src/chrome/common/ipc_channel_win.cc, line 346
[Child 18268, Chrome_ChildThread] WARNING: pipe error: 109: file z:/build/build/src/ipc/chromium/src/chrome/common/ipc_channel_win.cc, line 346
1516311641935	Marionette	DEBUG	Register listener.js for window 6442450945
JavaScript warning: https://www.ynet.co.il/Cmn/App/Video/CmmAppVideoApi_Js/0,13777,280716135620,00.html, line 1863: unreachable code after return statement
JavaScript error: https://www.ynet.co.il/home/0,7340,L-8,00.html, line 1692: TypeError: getCookie(...) is undefined
JavaScript warning: https://z.ynet.co.il/short/commerce/2014/ynetshopsBig/js/jquery-1.9.1.min.js, line 1: Using //@ to indicate sourceMappingURL pragmas is deprecated. Use //# instead
JavaScript warning: https://ajax.googleapis.com/ajax/libs/jquery/1.9.1/jquery.min.js, line 1: Using //@ to indicate sourceMappingURL pragmas is deprecated. Use //# instead
JavaScript error: https://www.ynet.co.il/home/0,7340,L-8,00.html, line 1: TypeError: this.parentNode is null
JavaScript error: https://www.ynet.co.il/home/0,7340,L-8,00.html, line 1: TypeError: this.parentNode is null
1516311733165	Marionette	DEBUG	Register listener.js for window 6442451074
1516311736622	Marionette	DEBUG	Register listener.js for window 8589934593
1516311809813	addons.productaddons	INFO	sending request to: https://aus5.mozilla.org/update/3/GMP/57.0.2/20171206182557/WINNT_x86_64-msvc-x64/en-US/release/Windows_NT%2010.0.0.0%20(x64)/default/default/update.xml
1516311810890	addons.productaddons	INFO	Completed downloading document
1516311811126	addons.productaddons	INFO	downloadXHR File download. status=200
1516311811129	addons.productaddons	INFO	Downloaded file will be saved to C:\Users\Owner\AppData\Local\Temp\tmpaddon-966db8
1516311812052	addons.productaddons	INFO	downloadXHR File download. status=200
1516311812059	addons.productaddons	INFO	Downloaded file will be saved to C:\Users\Owner\AppData\Local\Temp\tmpaddon-ea5a98
1516312109745	addons.manager	INFO	Skipping background update check
1516312349757	DeferredSave.extensions.json	DEBUG	Save changes
1516312349757	DeferredSave.extensions.json	DEBUG	Starting timer
1516312349779	DeferredSave.extensions.json	DEBUG	Starting write
1516312349782	DeferredSave.extensions.json	DEBUG	Write succeeded
JavaScript error: https://cdn.taboola.com/libtrc/ynet-ynet-/loader.js, line 2: TypeError: m is null
JavaScript warning: https://www.ynet.co.il/Cmn/App/Video/CmmAppVideoApi_Js/0,13777,280716135620,00.html, line 1863: unreachable code after return statement
JavaScript error: https://www.ynet.co.il/home/0,7340,L-8,00.html, line 1692: TypeError: getCookie(...) is undefined
JavaScript warning: https://z.ynet.co.il/short/commerce/2014/ynetshopsBig/js/jquery-1.9.1.min.js, line 1: Using //@ to indicate sourceMappingURL pragmas is deprecated. Use //# instead
JavaScript warning: https://ajax.googleapis.com/ajax/libs/jquery/1.9.1/jquery.min.js, line 1: Using //@ to indicate sourceMappingURL pragmas is deprecated. Use //# instead
JavaScript error: https://www.ynet.co.il/home/0,7340,L-8,00.html, line 1: TypeError: this.parentNode is null
JavaScript error: https://www.ynet.co.il/home/0,7340,L-8,00.html, line 1: TypeError: this.parentNode is null
JavaScript error: https://cdn.taboola.com/libtrc/ynet-ynet-/loader.js, line 2: TypeError: m is null
1516312696635	addons.xpi	DEBUG	Calling bootstrap method shutdown on webcompat@mozilla.org version 1.1
1516312696636	addons.xpi	DEBUG	Calling bootstrap method shutdown on shield-recipe-client@mozilla.org version 76.1
1516312696637	addons.xpi	DEBUG	Calling bootstrap method shutdown on screenshots@mozilla.org version 19.2.0
1516312696682	addons.xpi	DEBUG	Calling bootstrap method shutdown on onboarding@mozilla.org version 1.0
1516312696682	addons.xpi	DEBUG	Calling bootstrap method shutdown on formautofill@mozilla.org version 1.0
1516312696683	addons.xpi	DEBUG	Calling bootstrap method shutdown on followonsearch@mozilla.com version 0.9.6
1516312696683	addons.xpi	DEBUG	Calling bootstrap method shutdown on firefox@getpocket.com version 1.0.5
1516312696684	addons.xpi	DEBUG	Calling bootstrap method shutdown on e10srollout@mozilla.org version 3.05
1516312696684	addons.xpi	DEBUG	Calling bootstrap method shutdown on aushelper@mozilla.org version 2.0
1516312696685	addons.xpi	DEBUG	Calling bootstrap method shutdown on activity-stream@mozilla.org version 2017.11.07.1100-7f4e3634
[Parent 17696, Gecko_IOThread] WARNING: pipe error: 109: file z:/build/build/src/ipc/chromium/src/chrome/common/ipc_channel_win.cc, line 346
[Parent 17696, Gecko_IOThread] WARNING: pipe error: 109: file z:/build/build/src/ipc/chromium/src/chrome/common/ipc_channel_win.cc, line 346
[Child 964, Chrome_ChildThread] WARNING: pipe error: 109: file z:/build/build/src/ipc/chromium/src/chrome/common/ipc_channel_win.cc, line 346
[Child 964, Chrome_ChildThread] WARNING: pipe error: 109: file z:/build/build/src/ipc/chromium/src/chrome/common/ipc_channel_win.cc, line 346
[Parent 17696, Gecko_IOThread] WARNING: pipe error: 109: file z:/build/build/src/ipc/chromium/src/chrome/common/ipc_channel_win.cc, line 346
[Child 2496, Chrome_ChildThread] WARNING: pipe error: 109: file z:/build/build/src/ipc/chromium/src/chrome/common/ipc_channel_win.cc, line 346
1516312697971	addons.manager	DEBUG	shutdown
[Child 2496, Chrome_ChildThread] WARNING: pipe error: 109: file z:/build/build/src/ipc/chromium/src/chrome/common/ipc_channel_win.cc, line 346
1516312697979	addons.manager	DEBUG	Calling shutdown blocker for XPIProvider
1516312697979	addons.xpi	DEBUG	shutdown
1516312697980	addons.xpi-utils	DEBUG	shutdown
1516312697980	addons.manager	DEBUG	Calling shutdown blocker for LightweightThemeManager
1516312697980	addons.manager	DEBUG	Calling shutdown blocker for GMPProvider
1516312697981	addons.manager	DEBUG	Calling shutdown blocker for PluginProvider
1516312697981	addons.manager	DEBUG	Calling shutdown blocker for PreviousExperimentProvider
1516312697985	addons.manager	DEBUG	Async provider shutdown done

###!!! [Child][MessageChannel::SendAndWait] Error: Channel error: cannot send/recv

